<?xml version="1.0" encoding="UTF-8"?>
<!-- Generated by org.testng.reporters.JUnitReportReporter -->
<testsuite hostname="WDU8L0000649" name="cukeTests.RunCukesByFeatureIPA" tests="1" failures="0" timestamp="3 Oct 2017 12:03:34 GMT" time="27.899" errors="0">
  <testcase name="feature" time="27.899" classname="cukeTests.RunCukesByFeatureIPA"/>
</testsuite> <!-- cukeTests.RunCukesByFeatureIPA -->
