<?xml version="1.0" encoding="UTF-8"?>
<!-- Generated by org.testng.reporters.JUnitReportReporter -->
<testsuite hostname="WDU8L0000649" name="cukeTests.RunCukesByFeatureCBot" tests="2" failures="0" timestamp="9 Oct 2017 12:19:44 GMT" time="0.280" errors="0">
  <testcase name="feature" time="0.267" classname="cukeTests.RunCukesByFeatureCBot"/>
  <testcase name="feature" time="0.013" classname="cukeTests.RunCukesByFeatureCBot"/>
</testsuite> <!-- cukeTests.RunCukesByFeatureCBot -->
